Observer 'luhoangve24' started
[W000 2024-04-16T14:05:37.517+07:00] Observer trace level is set to USER
[W000 2024-04-16T14:05:37.520+07:00] Try to connect to the primary.
[W000 2024-04-16T14:05:37.522+07:00] Try to connect to the primary pri.
[W000 2024-04-16T14:05:37.594+07:00] The standby sta is ready to be a FSFO target
[W000 2024-04-16T14:05:38.608+07:00] Connection to the primary restored!
[W000 2024-04-16T14:05:41.720+07:00] Disconnecting from database pri.
[W000 2024-04-16T14:28:35.727+07:00] Primary database cannot be reached.
[W000 2024-04-16T14:28:35.729+07:00] Fast-Start Failover threshold has not exceeded. Retry for the next 30 seconds
[W000 2024-04-16T14:28:36.732+07:00] Try to connect to the primary.
ORA-12514: TNS:listener does not currently know of service requested in connect descriptor

Unable to connect to database using pri
[W000 2024-04-16T14:28:36.909+07:00] Primary database cannot be reached.
[W000 2024-04-16T14:28:37.919+07:00] Try to connect to the primary.
ORA-12514: TNS:listener does not currently know of service requested in connect descriptor

Unable to connect to database using pri
[W000 2024-04-16T14:28:38.075+07:00] Primary database cannot be reached.
[W000 2024-04-16T14:28:38.076+07:00] Try to connect to the primary.
ORA-12514: TNS:listener does not currently know of service requested in connect descriptor

Unable to connect to database using pri
[W000 2024-04-16T14:28:38.243+07:00] Primary database cannot be reached.
[W000 2024-04-16T14:28:39.245+07:00] Try to connect to the primary.
ORA-12514: TNS:listener does not currently know of service requested in connect descriptor

Unable to connect to database using pri
[W000 2024-04-16T14:29:02.133+07:00] Primary database cannot be reached.
[W000 2024-04-16T14:29:02.138+07:00] Fast-Start Failover threshold has not exceeded. Retry for the next 3 seconds
[W000 2024-04-16T14:29:02.139+07:00] Try to connect to the primary.
ORA-12514: TNS:listener does not currently know of service requested in connect descriptor

Unable to connect to database using pri
[W000 2024-04-16T14:29:02.298+07:00] Primary database cannot be reached.
[W000 2024-04-16T14:29:02.299+07:00] Fast-Start Failover threshold has not exceeded. Retry for the next 3 seconds
[W000 2024-04-16T14:29:03.304+07:00] Try to connect to the primary.
ORA-12514: TNS:listener does not currently know of service requested in connect descriptor

Unable to connect to database using pri
[W000 2024-04-16T14:29:03.487+07:00] Primary database cannot be reached.
[W000 2024-04-16T14:29:03.489+07:00] Fast-Start Failover threshold has not exceeded. Retry for the next 2 seconds
[W000 2024-04-16T14:29:04.491+07:00] Try to connect to the primary.
ORA-12514: TNS:listener does not currently know of service requested in connect descriptor

Unable to connect to database using pri
[W000 2024-04-16T14:29:04.645+07:00] Primary database cannot be reached.
[W000 2024-04-16T14:29:04.647+07:00] Fast-Start Failover threshold has not exceeded. Retry for the next 1 second
[W000 2024-04-16T14:29:05.663+07:00] Try to connect to the primary.
ORA-12514: TNS:listener does not currently know of service requested in connect descriptor

Unable to connect to database using pri
[W000 2024-04-16T14:29:05.809+07:00] Primary database cannot be reached.
[W000 2024-04-16T14:29:05.810+07:00] Fast-Start Failover threshold has expired.
[W000 2024-04-16T14:29:05.812+07:00] Try to connect to the standby.
[W000 2024-04-16T14:29:05.813+07:00] Making a last connection attempt to primary database before proceeding with Fast-Start Failover.
[W000 2024-04-16T14:29:05.814+07:00] Check if the standby is ready for failover.
[S002 2024-04-16T14:29:05.911+07:00] Fast-Start Failover started...

2024-04-16T14:29:05.913+07:00
Initiating Fast-Start Failover to database "sta"...
[S002 2024-04-16T14:29:05.916+07:00] Initiating Fast-start Failover.
ORA-12514: TNS:listener does not currently know of service requested in connect descriptor

Unable to connect to database using pri
Performing failover NOW, please wait...
Failover succeeded, new primary is "sta"
2024-04-16T14:29:32.855+07:00
[S002 2024-04-16T14:29:32.858+07:00] Fast-Start Failover finished...
[W000 2024-04-16T14:29:32.859+07:00] Failover succeeded. Restart pinging.
[W000 2024-04-16T14:29:32.966+07:00] Primary database has changed to sta.
[W000 2024-04-16T14:29:32.977+07:00] Try to connect to the primary.
[W000 2024-04-16T14:29:32.978+07:00] Try to connect to the primary sta.
[W000 2024-04-16T14:29:34.207+07:00] Connection to the primary restored!
[W000 2024-04-16T14:29:34.310+07:00] The standby pri needs to be reinstated
[W000 2024-04-16T14:29:34.314+07:00] Try to connect to the new standby pri.
ORA-12514: TNS:listener does not currently know of service requested in connect descriptor

Unable to connect to database using pri
[W000 2024-04-16T14:29:36.334+07:00] Disconnecting from database sta.
[W000 2024-04-16T14:30:04.855+07:00] Try to connect to the new standby pri.
ORA-12514: TNS:listener does not currently know of service requested in connect descriptor

Unable to connect to database using pri
[W000 2024-04-16T14:30:34.063+07:00] Try to connect to the new standby pri.
ORA-12514: TNS:listener does not currently know of service requested in connect descriptor

Unable to connect to database using pri
[W000 2024-04-16T14:31:04.275+07:00] Try to connect to the new standby pri.
ORA-12514: TNS:listener does not currently know of service requested in connect descriptor

Unable to connect to database using pri
[W000 2024-04-16T14:31:34.480+07:00] Try to connect to the new standby pri.
ORA-12514: TNS:listener does not currently know of service requested in connect descriptor

Unable to connect to database using pri
[W000 2024-04-16T14:32:04.727+07:00] Try to connect to the new standby pri.
ORA-12514: TNS:listener does not currently know of service requested in connect descriptor

Unable to connect to database using pri
[W000 2024-04-16T14:32:34.889+07:00] Try to connect to the new standby pri.
[W000 2024-04-16T14:32:36.021+07:00] Connection to the new standby restored!
[W000 2024-04-16T14:33:08.318+07:00] Try to connect to the primary sta.
[W000 2024-04-16T14:33:09.335+07:00] Connection to the primary restored!
[W000 2024-04-16T14:33:10.348+07:00] Wait for new primary to be ready to reinstate.
[W000 2024-04-16T14:33:10.451+07:00] New primary is now ready to reinstate.
[W000 2024-04-16T14:33:11.456+07:00] Issuing REINSTATE command.

2024-04-16T14:33:11.461+07:00
Initiating reinstatement for database "pri"...
Reinstating database "pri", please wait...
[W000 2024-04-16T14:33:31.272+07:00] The standby pri is ready to be a FSFO target
Reinstatement of database "pri" succeeded
2024-04-16T14:34:02.903+07:00
[W000 2024-04-16T14:34:03.541+07:00] Successfully reinstated database pri.
2024-04-16T14:36:48.268+07:00
Observer 'luhoangve24' stopped
Observer 'luhoangve24' started
[W000 2024-04-16T15:20:45.446+07:00] Observer trace level is set to USER
[W000 2024-04-16T15:20:45.477+07:00] Try to connect to the primary.
[W000 2024-04-16T15:20:45.478+07:00] Try to connect to the primary sta.
[W000 2024-04-16T15:20:45.620+07:00] The standby pri is ready to be a FSFO target
[W000 2024-04-16T15:20:46.629+07:00] Connection to the primary restored!
[W000 2024-04-16T15:20:49.773+07:00] Disconnecting from database sta.
Observer 'luhoangve24' started
[W000 2024-04-21T23:27:06.836+07:00] Observer trace level is set to USER
[W000 2024-04-21T23:27:06.838+07:00] Try to connect to the primary.
[W000 2024-04-21T23:27:06.839+07:00] Try to connect to the primary sta.
[W000 2024-04-21T23:27:06.917+07:00] The standby pri is ready to be a FSFO target
[W000 2024-04-21T23:27:07.935+07:00] Connection to the primary restored!
[W000 2024-04-21T23:27:11.042+07:00] Disconnecting from database sta.
2024-04-21T23:30:16.918+07:00
Observer 'luhoangve24' stopped
Observer 'luhoangve24' started
[W000 2024-04-22T00:53:16.489+07:00] Observer trace level is set to USER
[W000 2024-04-22T00:53:16.490+07:00] Try to connect to the primary.
[W000 2024-04-22T00:53:16.491+07:00] Try to connect to the primary sta.
[W000 2024-04-22T00:53:16.574+07:00] The standby pri is ready to be a FSFO target
[W000 2024-04-22T00:53:17.587+07:00] Connection to the primary restored!
[W000 2024-04-22T00:53:20.702+07:00] Disconnecting from database sta.
2024-04-22T01:02:22.988+07:00
Observer 'luhoangve24' stopped
Observer 'luhoangve24' started
[W000 2024-04-22T01:02:55.131+07:00] Observer trace level is set to USER
[W000 2024-04-22T01:02:55.133+07:00] Try to connect to the primary.
[W000 2024-04-22T01:02:55.134+07:00] Try to connect to the primary sta.
[W000 2024-04-22T01:02:55.210+07:00] The standby pri is ready to be a FSFO target
[W000 2024-04-22T01:02:56.222+07:00] Connection to the primary restored!
[W000 2024-04-22T01:02:59.333+07:00] Disconnecting from database sta.
2024-04-22T01:43:21.581+07:00
Observer 'luhoangve24' stopped
Observer 'luhoangve24' started
[W000 2024-04-23T12:30:59.657+07:00] Observer trace level is set to USER
[W000 2024-04-23T12:30:59.658+07:00] Try to connect to the primary.
[W000 2024-04-23T12:30:59.659+07:00] Try to connect to the primary sta.
[W000 2024-04-23T12:30:59.736+07:00] The standby pri is ready to be a FSFO target
[W000 2024-04-23T12:31:00.755+07:00] Connection to the primary restored!
[W000 2024-04-23T12:31:03.955+07:00] Disconnecting from database sta.
2024-04-23T12:37:45.848+07:00
Observer 'luhoangve24' stopped
Observer 'luhoangve24' started
[W000 2024-05-05T12:07:38.489+07:00] Observer trace level is set to USER
[W000 2024-05-05T12:07:38.565+07:00] Fast-Start Failover is not enabled or can't be checked. Retry after 30 seconds.
[W000 2024-05-05T12:08:08.640+07:00] Fast-Start Failover is not enabled or can't be checked. Retry after 30 seconds.
[W000 2024-05-05T12:08:38.720+07:00] Fast-Start Failover is not enabled or can't be checked. Retry after 30 seconds.
[W000 2024-05-05T12:09:08.802+07:00] Fast-Start Failover is not enabled or can't be checked. Retry after 30 seconds.
[W000 2024-05-05T12:09:38.895+07:00] Fast-Start Failover is not enabled or can't be checked. Retry after 30 seconds.
[W000 2024-05-05T12:10:09.012+07:00] Try to connect to the primary.
[W000 2024-05-05T12:10:09.013+07:00] Try to connect to the primary pri.
[W000 2024-05-05T12:10:09.085+07:00] The standby sta is ready to be a FSFO target
[W000 2024-05-05T12:10:10.103+07:00] Connection to the primary restored!
[W000 2024-05-05T12:10:13.214+07:00] Disconnecting from database pri.
[W000 2024-05-05T12:15:42.658+07:00] Reconnect interval expired, create new connection to primary database.
[W000 2024-05-05T12:15:42.659+07:00] Try to connect to the primary.
[W000 2024-05-05T12:15:58.925+07:00] Reconnect interval expired, create new connection to primary database.
[W000 2024-05-05T12:15:58.942+07:00] Try to connect to the primary.
[W000 2024-05-05T12:16:14.318+07:00] Reconnect interval expired, create new connection to primary database.
[W000 2024-05-05T12:16:14.334+07:00] Try to connect to the primary.
[W000 2024-05-05T12:16:30.133+07:00] Reconnect interval expired, create new connection to primary database.
[W000 2024-05-05T12:16:30.149+07:00] Try to connect to the primary.
[W000 2024-05-05T12:16:46.481+07:00] Reconnect interval expired, create new connection to primary database.
[W000 2024-05-05T12:16:46.497+07:00] Try to connect to the primary.
[W000 2024-05-05T12:17:02.823+07:00] Reconnect interval expired, create new connection to primary database.
[W000 2024-05-05T12:17:02.839+07:00] Try to connect to the primary.
[W000 2024-05-05T12:17:18.382+07:00] Reconnect interval expired, create new connection to primary database.
[W000 2024-05-05T12:17:18.399+07:00] Try to connect to the primary.
[W000 2024-05-05T12:17:34.051+07:00] Reconnect interval expired, create new connection to primary database.
[W000 2024-05-05T12:17:34.067+07:00] Try to connect to the primary.
[W000 2024-05-05T12:17:50.785+07:00] Reconnect interval expired, create new connection to primary database.
[W000 2024-05-05T12:17:50.789+07:00] Try to connect to the primary.
[W000 2024-05-05T12:18:06.568+07:00] Reconnect interval expired, create new connection to primary database.
[W000 2024-05-05T12:18:06.584+07:00] Try to connect to the primary.
[W000 2024-05-05T12:18:22.975+07:00] Reconnect interval expired, create new connection to primary database.
[W000 2024-05-05T12:18:22.991+07:00] Try to connect to the primary.
[W000 2024-05-05T12:18:38.357+07:00] Reconnect interval expired, create new connection to primary database.
[W000 2024-05-05T12:18:38.373+07:00] Try to connect to the primary.
[W000 2024-05-05T12:18:54.574+07:00] Reconnect interval expired, create new connection to primary database.
[W000 2024-05-05T12:18:54.579+07:00] Try to connect to the primary.
[W000 2024-05-05T12:19:10.287+07:00] Reconnect interval expired, create new connection to primary database.
[W000 2024-05-05T12:19:10.293+07:00] Try to connect to the primary.
[W000 2024-05-05T12:19:26.769+07:00] Reconnect interval expired, create new connection to primary database.
[W000 2024-05-05T12:19:26.774+07:00] Try to connect to the primary.
[W000 2024-05-05T12:19:42.081+07:00] Reconnect interval expired, create new connection to primary database.
[W000 2024-05-05T12:19:42.085+07:00] Try to connect to the primary.
[W000 2024-05-05T12:19:57.416+07:00] Reconnect interval expired, create new connection to primary database.
[W000 2024-05-05T12:19:57.420+07:00] Try to connect to the primary.
[W000 2024-05-05T12:20:13.810+07:00] Reconnect interval expired, create new connection to primary database.
[W000 2024-05-05T12:20:13.815+07:00] Try to connect to the primary.
[W000 2024-05-05T12:20:29.151+07:00] Reconnect interval expired, create new connection to primary database.
[W000 2024-05-05T12:20:29.157+07:00] Try to connect to the primary.
[W000 2024-05-05T12:20:45.591+07:00] Reconnect interval expired, create new connection to primary database.
[W000 2024-05-05T12:20:45.596+07:00] Try to connect to the primary.
[W000 2024-05-05T12:21:02.817+07:00] Reconnect interval expired, create new connection to primary database.
[W000 2024-05-05T12:21:02.833+07:00] Try to connect to the primary.
[W000 2024-05-05T12:21:18.416+07:00] Reconnect interval expired, create new connection to primary database.
[W000 2024-05-05T12:21:18.431+07:00] Try to connect to the primary.
[W000 2024-05-05T12:21:34.025+07:00] Reconnect interval expired, create new connection to primary database.
[W000 2024-05-05T12:21:34.041+07:00] Try to connect to the primary.
[W000 2024-05-05T12:21:50.513+07:00] Reconnect interval expired, create new connection to primary database.
[W000 2024-05-05T12:21:50.529+07:00] Try to connect to the primary.
2024-05-05T12:22:01.045+07:00
Observer 'luhoangve24' stopped
Observer 'luhoangve24' started
[W000 2024-05-05T12:22:36.573+07:00] Observer trace level is set to USER
[W000 2024-05-05T12:22:36.574+07:00] Try to connect to the primary.
[W000 2024-05-05T12:22:36.575+07:00] Try to connect to the primary pri.
[W000 2024-05-05T12:22:36.647+07:00] The standby sta is ready to be a FSFO target
[W000 2024-05-05T12:22:36.652+07:00] Reconnect interval expired, create new connection to primary database.
[W000 2024-05-05T12:22:36.653+07:00] Try to connect to the primary.
[W000 2024-05-05T12:22:37.619+07:00] Connection to the primary restored!
[W000 2024-05-05T12:22:40.727+07:00] Disconnecting from database pri.
[W000 2024-05-05T12:22:52.252+07:00] Reconnect interval expired, create new connection to primary database.
[W000 2024-05-05T12:22:52.257+07:00] Try to connect to the primary.
[W000 2024-05-05T12:23:08.473+07:00] Reconnect interval expired, create new connection to primary database.
[W000 2024-05-05T12:23:08.475+07:00] Try to connect to the primary.
[W000 2024-05-05T12:23:24.816+07:00] Reconnect interval expired, create new connection to primary database.
[W000 2024-05-05T12:23:24.817+07:00] Try to connect to the primary.
2024-05-05T12:23:41.128+07:00
Observer 'luhoangve24' stopped
Observer 'luhoangve24' started
[W000 2024-05-05T12:27:57.943+07:00] Observer trace level is set to USER
[W000 2024-05-05T12:27:57.946+07:00] Try to connect to the primary.
[W000 2024-05-05T12:27:57.946+07:00] Try to connect to the primary pri.
[W000 2024-05-05T12:27:58.031+07:00] The standby sta is ready to be a FSFO target
[W000 2024-05-05T12:27:58.036+07:00] Reconnect interval expired, create new connection to primary database.
[W000 2024-05-05T12:27:58.037+07:00] Try to connect to the primary.
[W000 2024-05-05T12:27:59.041+07:00] Connection to the primary restored!
[W000 2024-05-05T12:28:01.150+07:00] Disconnecting from database pri.
[W000 2024-05-05T12:28:14.676+07:00] Reconnect interval expired, create new connection to primary database.
[W000 2024-05-05T12:28:14.680+07:00] Try to connect to the primary.
[W000 2024-05-05T12:28:30.295+07:00] Reconnect interval expired, create new connection to primary database.
[W000 2024-05-05T12:28:30.300+07:00] Try to connect to the primary.
[W000 2024-05-05T12:28:46.542+07:00] Reconnect interval expired, create new connection to primary database.
[W000 2024-05-05T12:28:46.543+07:00] Try to connect to the primary.
[W000 2024-05-05T12:29:02.896+07:00] Reconnect interval expired, create new connection to primary database.
[W000 2024-05-05T12:29:02.897+07:00] Try to connect to the primary.
[W000 2024-05-05T12:29:18.504+07:00] Reconnect interval expired, create new connection to primary database.
[W000 2024-05-05T12:29:18.510+07:00] Try to connect to the primary.
[W000 2024-05-05T12:29:28.957+07:00] Primary database cannot be reached.
[W000 2024-05-05T12:29:28.959+07:00] Fast-Start Failover threshold has not exceeded. Retry for the next 30 seconds
[W000 2024-05-05T12:29:29.968+07:00] Try to connect to the primary.
ORA-12514: TNS:listener does not currently know of service requested in connect descriptor

Unable to connect to database using pri
[W000 2024-05-05T12:29:30.138+07:00] Primary database cannot be reached.
[W000 2024-05-05T12:29:30.139+07:00] Try to connect to the primary.
ORA-12514: TNS:listener does not currently know of service requested in connect descriptor

Unable to connect to database using pri
[W000 2024-05-05T12:29:30.278+07:00] Primary database cannot be reached.
[W000 2024-05-05T12:29:31.294+07:00] Try to connect to the primary.
ORA-12514: TNS:listener does not currently know of service requested in connect descriptor

Unable to connect to database using pri
[W000 2024-05-05T12:29:31.487+07:00] Primary database cannot be reached.
[W000 2024-05-05T12:29:32.491+07:00] Try to connect to the primary.
ORA-12514: TNS:listener does not currently know of service requested in connect descriptor

Unable to connect to database using pri
[W000 2024-05-05T12:29:55.319+07:00] Primary database cannot be reached.
[W000 2024-05-05T12:29:55.324+07:00] Fast-Start Failover threshold has not exceeded. Retry for the next 3 seconds
[W000 2024-05-05T12:29:56.339+07:00] Try to connect to the primary.
ORA-12514: TNS:listener does not currently know of service requested in connect descriptor

Unable to connect to database using pri
[W000 2024-05-05T12:29:56.548+07:00] Primary database cannot be reached.
[W000 2024-05-05T12:29:56.549+07:00] Fast-Start Failover threshold has not exceeded. Retry for the next 2 seconds
[W000 2024-05-05T12:29:57.557+07:00] Try to connect to the primary.
ORA-12514: TNS:listener does not currently know of service requested in connect descriptor

Unable to connect to database using pri
[W000 2024-05-05T12:29:57.701+07:00] Primary database cannot be reached.
[W000 2024-05-05T12:29:57.702+07:00] Fast-Start Failover threshold has not exceeded. Retry for the next 1 second
[W000 2024-05-05T12:29:58.707+07:00] Try to connect to the primary.
ORA-12514: TNS:listener does not currently know of service requested in connect descriptor

Unable to connect to database using pri
[W000 2024-05-05T12:29:58.837+07:00] Primary database cannot be reached.
[W000 2024-05-05T12:29:58.838+07:00] Fast-Start Failover threshold has expired.
[W000 2024-05-05T12:29:58.839+07:00] Try to connect to the standby.
[W000 2024-05-05T12:29:58.840+07:00] Making a last connection attempt to primary database before proceeding with Fast-Start Failover.
[W000 2024-05-05T12:29:58.841+07:00] Check if the standby is ready for failover.
[W000 2024-05-05T12:29:58.911+07:00] Fast-Start Failover is not possible because primary last contacted the standby within FastStartFailoverThreshold seconds.
ORA-12514: TNS:listener does not currently know of service requested in connect descriptor

Unable to connect to database using pri
[W000 2024-05-05T12:30:01.925+07:00] Making a last connection attempt to primary database before proceeding with Fast-Start Failover.
[W000 2024-05-05T12:30:01.930+07:00] Check if the standby is ready for failover.
[S002 2024-05-05T12:30:02.011+07:00] Fast-Start Failover started...

2024-05-05T12:30:02.013+07:00
Initiating Fast-Start Failover to database "sta"...
[S002 2024-05-05T12:30:02.016+07:00] Initiating Fast-start Failover.
Performing failover NOW, please wait...
ORA-12514: TNS:listener does not currently know of service requested in connect descriptor

Unable to connect to database using pri
Failover succeeded, new primary is "sta"
2024-05-05T12:30:28.872+07:00
[S002 2024-05-05T12:30:28.873+07:00] Fast-Start Failover finished...
[W000 2024-05-05T12:30:28.874+07:00] Failover succeeded. Restart pinging.
[W000 2024-05-05T12:30:28.951+07:00] Primary database has changed to sta.
[W000 2024-05-05T12:30:28.959+07:00] Try to connect to the primary.
[W000 2024-05-05T12:30:28.960+07:00] Try to connect to the primary sta.
[W000 2024-05-05T12:30:29.780+07:00] Connection to the primary restored!
[W000 2024-05-05T12:30:29.866+07:00] The standby pri needs to be reinstated
[W000 2024-05-05T12:30:29.870+07:00] Try to connect to the new standby pri.
ORA-12514: TNS:listener does not currently know of service requested in connect descriptor

Unable to connect to database using pri
[W000 2024-05-05T12:30:31.896+07:00] Disconnecting from database sta.
[W000 2024-05-05T12:30:44.396+07:00] Reconnect interval expired, create new connection to primary database.
[W000 2024-05-05T12:30:44.400+07:00] Try to connect to the primary.
[W000 2024-05-05T12:31:00.686+07:00] Try to connect to the new standby pri.
[W000 2024-05-05T12:31:00.691+07:00] Reconnect interval expired, create new connection to primary database.
[W000 2024-05-05T12:31:00.692+07:00] Try to connect to the primary.
ORA-12514: TNS:listener does not currently know of service requested in connect descriptor

Unable to connect to database using pri
[W000 2024-05-05T12:31:16.019+07:00] Reconnect interval expired, create new connection to primary database.
[W000 2024-05-05T12:31:16.021+07:00] Try to connect to the primary.
[W000 2024-05-05T12:31:31.816+07:00] Try to connect to the new standby pri.
ORA-12514: TNS:listener does not currently know of service requested in connect descriptor

Unable to connect to database using pri
[W000 2024-05-05T12:31:32.833+07:00] Reconnect interval expired, create new connection to primary database.
[W000 2024-05-05T12:31:32.835+07:00] Try to connect to the primary.
[W000 2024-05-05T12:31:48.454+07:00] Reconnect interval expired, create new connection to primary database.
[W000 2024-05-05T12:31:48.459+07:00] Try to connect to the primary.
[W000 2024-05-05T12:32:01.708+07:00] Try to connect to the new standby pri.
ORA-12514: TNS:listener does not currently know of service requested in connect descriptor

Unable to connect to database using pri
[W000 2024-05-05T12:32:04.808+07:00] Reconnect interval expired, create new connection to primary database.
[W000 2024-05-05T12:32:04.813+07:00] Try to connect to the primary.
[W000 2024-05-05T12:32:20.162+07:00] Reconnect interval expired, create new connection to primary database.
[W000 2024-05-05T12:32:20.166+07:00] Try to connect to the primary.
[W000 2024-05-05T12:32:32.247+07:00] Try to connect to the new standby pri.
ORA-12514: TNS:listener does not currently know of service requested in connect descriptor

Unable to connect to database using pri
[W000 2024-05-05T12:32:35.350+07:00] Reconnect interval expired, create new connection to primary database.
[W000 2024-05-05T12:32:35.356+07:00] Try to connect to the primary.
[W000 2024-05-05T12:32:51.801+07:00] Reconnect interval expired, create new connection to primary database.
[W000 2024-05-05T12:32:51.802+07:00] Try to connect to the primary.
[W000 2024-05-05T12:33:03.329+07:00] Try to connect to the new standby pri.
ORA-12514: TNS:listener does not currently know of service requested in connect descriptor

Unable to connect to database using pri
[W000 2024-05-05T12:33:07.451+07:00] Reconnect interval expired, create new connection to primary database.
[W000 2024-05-05T12:33:07.456+07:00] Try to connect to the primary.
[W000 2024-05-05T12:33:23.139+07:00] Reconnect interval expired, create new connection to primary database.
[W000 2024-05-05T12:33:23.140+07:00] Try to connect to the primary.
[W000 2024-05-05T12:33:33.347+07:00] Try to connect to the new standby pri.
ORA-12514: TNS:listener does not currently know of service requested in connect descriptor

Unable to connect to database using pri
[W000 2024-05-05T12:33:39.524+07:00] Reconnect interval expired, create new connection to primary database.
[W000 2024-05-05T12:33:39.525+07:00] Try to connect to the primary.
[W000 2024-05-05T12:33:55.964+07:00] Reconnect interval expired, create new connection to primary database.
[W000 2024-05-05T12:33:55.966+07:00] Try to connect to the primary.
[W000 2024-05-05T12:34:03.392+07:00] Try to connect to the new standby pri.
ORA-12514: TNS:listener does not currently know of service requested in connect descriptor

Unable to connect to database using pri
[W000 2024-05-05T12:34:12.749+07:00] Reconnect interval expired, create new connection to primary database.
[W000 2024-05-05T12:34:12.754+07:00] Try to connect to the primary.
[W000 2024-05-05T12:34:28.098+07:00] Reconnect interval expired, create new connection to primary database.
[W000 2024-05-05T12:34:28.103+07:00] Try to connect to the primary.
[W000 2024-05-05T12:34:34.196+07:00] Try to connect to the new standby pri.
ORA-12514: TNS:listener does not currently know of service requested in connect descriptor

Unable to connect to database using pri
[W000 2024-05-05T12:34:44.505+07:00] Reconnect interval expired, create new connection to primary database.
[W000 2024-05-05T12:34:44.523+07:00] Try to connect to the primary.
[W000 2024-05-05T12:35:00.850+07:00] Reconnect interval expired, create new connection to primary database.
[W000 2024-05-05T12:35:00.865+07:00] Try to connect to the primary.
[W000 2024-05-05T12:35:04.921+07:00] Try to connect to the new standby pri.
ORA-12514: TNS:listener does not currently know of service requested in connect descriptor

Unable to connect to database using pri
[W000 2024-05-05T12:35:16.280+07:00] Reconnect interval expired, create new connection to primary database.
[W000 2024-05-05T12:35:16.285+07:00] Try to connect to the primary.
[W000 2024-05-05T12:35:32.719+07:00] Reconnect interval expired, create new connection to primary database.
[W000 2024-05-05T12:35:32.723+07:00] Try to connect to the primary.
[W000 2024-05-05T12:35:35.626+07:00] Try to connect to the new standby pri.
ORA-12514: TNS:listener does not currently know of service requested in connect descriptor

Unable to connect to database using pri
[W000 2024-05-05T12:35:48.961+07:00] Reconnect interval expired, create new connection to primary database.
[W000 2024-05-05T12:35:48.962+07:00] Try to connect to the primary.
[W000 2024-05-05T12:36:04.299+07:00] Reconnect interval expired, create new connection to primary database.
[W000 2024-05-05T12:36:04.304+07:00] Try to connect to the primary.
[W000 2024-05-05T12:36:05.304+07:00] Try to connect to the new standby pri.
[W000 2024-05-05T12:36:06.387+07:00] Connection to the new standby restored!
[W000 2024-05-05T12:36:20.805+07:00] Reconnect interval expired, create new connection to primary database.
[W000 2024-05-05T12:36:20.810+07:00] Try to connect to the primary.
[W000 2024-05-05T12:36:36.291+07:00] Reconnect interval expired, create new connection to primary database.
[W000 2024-05-05T12:36:36.295+07:00] Try to connect to the primary.
[W000 2024-05-05T12:36:38.407+07:00] Try to connect to the primary sta.
[W000 2024-05-05T12:36:40.437+07:00] Connection to the primary restored!
[W000 2024-05-05T12:36:40.442+07:00] Wait for new primary to be ready to reinstate.
[W000 2024-05-05T12:36:40.525+07:00] New primary is now ready to reinstate.
[W000 2024-05-05T12:36:41.543+07:00] Issuing REINSTATE command.

2024-05-05T12:36:41.549+07:00
Initiating reinstatement for database "pri"...
Reinstating database "pri", please wait...
[W000 2024-05-05T12:36:52.874+07:00] Reconnect interval expired, create new connection to primary database.
[W000 2024-05-05T12:36:52.880+07:00] Try to connect to the primary.
[W000 2024-05-05T12:37:05.312+07:00] The standby pri is ready to be a FSFO target
[W000 2024-05-05T12:37:08.345+07:00] Reconnect interval expired, create new connection to primary database.
[W000 2024-05-05T12:37:08.350+07:00] Try to connect to the primary.
[W000 2024-05-05T12:37:24.713+07:00] Reconnect interval expired, create new connection to primary database.
[W000 2024-05-05T12:37:24.718+07:00] Try to connect to the primary.
Reinstatement of database "pri" succeeded
2024-05-05T12:37:34.959+07:00
[W000 2024-05-05T12:37:35.169+07:00] Successfully reinstated database pri.
[W000 2024-05-05T12:37:40.313+07:00] Reconnect interval expired, create new connection to primary database.
[W000 2024-05-05T12:37:40.318+07:00] Try to connect to the primary.
[W000 2024-05-05T12:37:56.728+07:00] Reconnect interval expired, create new connection to primary database.
[W000 2024-05-05T12:37:56.733+07:00] Try to connect to the primary.
[W000 2024-05-05T12:38:12.425+07:00] Reconnect interval expired, create new connection to primary database.
[W000 2024-05-05T12:38:12.430+07:00] Try to connect to the primary.
[W000 2024-05-05T12:38:28.827+07:00] Reconnect interval expired, create new connection to primary database.
[W000 2024-05-05T12:38:28.832+07:00] Try to connect to the primary.
[W000 2024-05-05T12:38:44.226+07:00] Reconnect interval expired, create new connection to primary database.
[W000 2024-05-05T12:38:44.231+07:00] Try to connect to the primary.
[W000 2024-05-05T12:39:00.548+07:00] Reconnect interval expired, create new connection to primary database.
[W000 2024-05-05T12:39:00.565+07:00] Try to connect to the primary.
[W000 2024-05-05T12:39:17.000+07:00] Reconnect interval expired, create new connection to primary database.
[W000 2024-05-05T12:39:17.015+07:00] Try to connect to the primary.
[W000 2024-05-05T12:39:33.589+07:00] Reconnect interval expired, create new connection to primary database.
[W000 2024-05-05T12:39:33.604+07:00] Try to connect to the primary.
[W000 2024-05-05T12:39:49.070+07:00] Reconnect interval expired, create new connection to primary database.
[W000 2024-05-05T12:39:49.074+07:00] Try to connect to the primary.
[W000 2024-05-05T12:40:05.467+07:00] Reconnect interval expired, create new connection to primary database.
[W000 2024-05-05T12:40:05.483+07:00] Try to connect to the primary.
[W000 2024-05-05T12:40:21.898+07:00] Reconnect interval expired, create new connection to primary database.
[W000 2024-05-05T12:40:21.912+07:00] Try to connect to the primary.
[W000 2024-05-05T12:40:37.370+07:00] Reconnect interval expired, create new connection to primary database.
[W000 2024-05-05T12:40:37.375+07:00] Try to connect to the primary.
[W000 2024-05-05T12:40:53.689+07:00] Reconnect interval expired, create new connection to primary database.
[W000 2024-05-05T12:40:53.705+07:00] Try to connect to the primary.
[W000 2024-05-05T12:41:09.174+07:00] Reconnect interval expired, create new connection to primary database.
[W000 2024-05-05T12:41:09.191+07:00] Try to connect to the primary.
[W000 2024-05-05T12:41:25.468+07:00] Reconnect interval expired, create new connection to primary database.
[W000 2024-05-05T12:41:25.484+07:00] Try to connect to the primary.
[W000 2024-05-05T12:41:41.829+07:00] Reconnect interval expired, create new connection to primary database.
[W000 2024-05-05T12:41:41.834+07:00] Try to connect to the primary.
[W000 2024-05-05T12:41:57.195+07:00] Reconnect interval expired, create new connection to primary database.
[W000 2024-05-05T12:41:57.211+07:00] Try to connect to the primary.
[W000 2024-05-05T12:42:13.772+07:00] Reconnect interval expired, create new connection to primary database.
[W000 2024-05-05T12:42:13.777+07:00] Try to connect to the primary.
[W000 2024-05-05T12:42:29.053+07:00] Reconnect interval expired, create new connection to primary database.
[W000 2024-05-05T12:42:29.069+07:00] Try to connect to the primary.
[W000 2024-05-05T12:42:45.541+07:00] Reconnect interval expired, create new connection to primary database.
[W000 2024-05-05T12:42:45.546+07:00] Try to connect to the primary.
[W000 2024-05-05T12:43:01.893+07:00] Reconnect interval expired, create new connection to primary database.
[W000 2024-05-05T12:43:01.897+07:00] Try to connect to the primary.
[W000 2024-05-05T12:43:17.492+07:00] Reconnect interval expired, create new connection to primary database.
[W000 2024-05-05T12:43:17.497+07:00] Try to connect to the primary.
[W000 2024-05-05T12:43:34.006+07:00] Reconnect interval expired, create new connection to primary database.
[W000 2024-05-05T12:43:34.023+07:00] Try to connect to the primary.
[W000 2024-05-05T12:43:49.308+07:00] Reconnect interval expired, create new connection to primary database.
[W000 2024-05-05T12:43:49.324+07:00] Try to connect to the primary.
[W000 2024-05-05T12:44:05.584+07:00] Reconnect interval expired, create new connection to primary database.
[W000 2024-05-05T12:44:05.601+07:00] Try to connect to the primary.
[W000 2024-05-05T12:44:21.038+07:00] Reconnect interval expired, create new connection to primary database.
[W000 2024-05-05T12:44:21.039+07:00] Try to connect to the primary.
[W000 2024-05-05T12:44:36.316+07:00] Reconnect interval expired, create new connection to primary database.
[W000 2024-05-05T12:44:36.322+07:00] Try to connect to the primary.
[W000 2024-05-05T12:44:52.912+07:00] Reconnect interval expired, create new connection to primary database.
[W000 2024-05-05T12:44:52.918+07:00] Try to connect to the primary.
[W000 2024-05-05T12:45:09.611+07:00] Reconnect interval expired, create new connection to primary database.
[W000 2024-05-05T12:45:09.628+07:00] Try to connect to the primary.
[W000 2024-05-05T12:45:26.493+07:00] Reconnect interval expired, create new connection to primary database.
[W000 2024-05-05T12:45:26.498+07:00] Try to connect to the primary.
[W000 2024-05-05T12:45:42.946+07:00] Reconnect interval expired, create new connection to primary database.
[W000 2024-05-05T12:45:42.951+07:00] Try to connect to the primary.
[W000 2024-05-05T12:45:58.218+07:00] Reconnect interval expired, create new connection to primary database.
[W000 2024-05-05T12:45:58.223+07:00] Try to connect to the primary.
[W000 2024-05-05T12:46:14.558+07:00] Reconnect interval expired, create new connection to primary database.
[W000 2024-05-05T12:46:14.574+07:00] Try to connect to the primary.
[W000 2024-05-05T12:46:30.096+07:00] Reconnect interval expired, create new connection to primary database.
[W000 2024-05-05T12:46:30.111+07:00] Try to connect to the primary.
[W000 2024-05-05T12:46:46.542+07:00] Reconnect interval expired, create new connection to primary database.
[W000 2024-05-05T12:46:46.558+07:00] Try to connect to the primary.
[W000 2024-05-05T12:46:59.031+07:00] Failed to ping the standby.
ORA-12528: TNS:listener: all appropriate instances are blocking new connections

Unable to connect to database using pri
[W000 2024-05-05T12:47:02.150+07:00] Reconnect interval expired, create new connection to primary database.
[W000 2024-05-05T12:47:02.166+07:00] Try to connect to the primary.
[W000 2024-05-05T12:47:09.422+07:00] Primary database cannot be reached.
[W000 2024-05-05T12:47:09.427+07:00] Fast-Start Failover threshold has not exceeded. Retry for the next 30 seconds
[W000 2024-05-05T12:47:10.443+07:00] Try to connect to the primary.
ORA-12514: TNS:listener does not currently know of service requested in connect descriptor

Unable to connect to database using sta
[W000 2024-05-05T12:47:10.632+07:00] Primary database cannot be reached.
[W000 2024-05-05T12:47:11.645+07:00] Try to connect to the primary.
ORA-12514: TNS:listener does not currently know of service requested in connect descriptor

Unable to connect to database using sta
[W000 2024-05-05T12:47:11.785+07:00] Primary database cannot be reached.
[W000 2024-05-05T12:47:12.799+07:00] Try to connect to the primary.
ORA-12514: TNS:listener does not currently know of service requested in connect descriptor

Unable to connect to database using sta
[W000 2024-05-05T12:47:12.968+07:00] Primary database cannot be reached.
[W000 2024-05-05T12:47:13.985+07:00] Try to connect to the primary.
ORA-12514: TNS:listener does not currently know of service requested in connect descriptor

Unable to connect to database using sta
[W000 2024-05-05T12:47:31.880+07:00] Primary database has changed to pri.
[W000 2024-05-05T12:47:31.887+07:00] Try to connect to the primary.
[W000 2024-05-05T12:47:31.888+07:00] Try to connect to the primary pri.
[W000 2024-05-05T12:47:33.647+07:00] Connection to the primary restored!
[W000 2024-05-05T12:47:36.746+07:00] Disconnecting from database pri.
[W000 2024-05-05T12:47:44.137+07:00] The standby sta is ready to be a FSFO target
[W000 2024-05-05T12:47:47.169+07:00] Reconnect interval expired, create new connection to primary database.
[W000 2024-05-05T12:47:47.174+07:00] Try to connect to the primary.
[W000 2024-05-05T12:48:03.431+07:00] Reconnect interval expired, create new connection to primary database.
[W000 2024-05-05T12:48:03.435+07:00] Try to connect to the primary.
[W000 2024-05-05T12:48:19.981+07:00] Reconnect interval expired, create new connection to primary database.
[W000 2024-05-05T12:48:19.986+07:00] Try to connect to the primary.
[W000 2024-05-05T12:48:35.415+07:00] Reconnect interval expired, create new connection to primary database.
[W000 2024-05-05T12:48:35.419+07:00] Try to connect to the primary.
[W000 2024-05-05T12:48:51.983+07:00] Reconnect interval expired, create new connection to primary database.
[W000 2024-05-05T12:48:51.987+07:00] Try to connect to the primary.
[W000 2024-05-05T12:49:07.308+07:00] Reconnect interval expired, create new connection to primary database.
[W000 2024-05-05T12:49:07.325+07:00] Try to connect to the primary.
[W000 2024-05-05T12:49:23.974+07:00] Reconnect interval expired, create new connection to primary database.
[W000 2024-05-05T12:49:23.992+07:00] Try to connect to the primary.
[W000 2024-05-05T12:49:39.353+07:00] Reconnect interval expired, create new connection to primary database.
[W000 2024-05-05T12:49:39.370+07:00] Try to connect to the primary.
[W000 2024-05-05T12:49:55.753+07:00] Reconnect interval expired, create new connection to primary database.
[W000 2024-05-05T12:49:55.770+07:00] Try to connect to the primary.
[W000 2024-05-05T12:50:11.086+07:00] Reconnect interval expired, create new connection to primary database.
[W000 2024-05-05T12:50:11.101+07:00] Try to connect to the primary.
[W000 2024-05-05T12:50:27.520+07:00] Reconnect interval expired, create new connection to primary database.
[W000 2024-05-05T12:50:27.536+07:00] Try to connect to the primary.
[W000 2024-05-05T12:50:43.268+07:00] Reconnect interval expired, create new connection to primary database.
[W000 2024-05-05T12:50:43.283+07:00] Try to connect to the primary.
[W000 2024-05-05T12:50:59.632+07:00] Reconnect interval expired, create new connection to primary database.
[W000 2024-05-05T12:50:59.648+07:00] Try to connect to the primary.
[W000 2024-05-05T12:51:15.159+07:00] Reconnect interval expired, create new connection to primary database.
[W000 2024-05-05T12:51:15.175+07:00] Try to connect to the primary.
[W000 2024-05-05T12:51:32.010+07:00] Reconnect interval expired, create new connection to primary database.
[W000 2024-05-05T12:51:32.026+07:00] Try to connect to the primary.
[W000 2024-05-05T12:51:47.351+07:00] Reconnect interval expired, create new connection to primary database.
[W000 2024-05-05T12:51:47.367+07:00] Try to connect to the primary.
[W000 2024-05-05T12:52:03.924+07:00] Reconnect interval expired, create new connection to primary database.
[W000 2024-05-05T12:52:03.941+07:00] Try to connect to the primary.
[W000 2024-05-05T12:52:19.441+07:00] Reconnect interval expired, create new connection to primary database.
[W000 2024-05-05T12:52:19.459+07:00] Try to connect to the primary.
[W000 2024-05-05T12:52:35.913+07:00] Reconnect interval expired, create new connection to primary database.
[W000 2024-05-05T12:52:35.918+07:00] Try to connect to the primary.
[W000 2024-05-05T12:52:51.414+07:00] Reconnect interval expired, create new connection to primary database.
[W000 2024-05-05T12:52:51.419+07:00] Try to connect to the primary.
[W000 2024-05-05T12:53:07.887+07:00] Reconnect interval expired, create new connection to primary database.
[W000 2024-05-05T12:53:07.903+07:00] Try to connect to the primary.
[W000 2024-05-05T12:53:23.323+07:00] Reconnect interval expired, create new connection to primary database.
[W000 2024-05-05T12:53:23.338+07:00] Try to connect to the primary.
[W000 2024-05-05T12:53:39.021+07:00] Reconnect interval expired, create new connection to primary database.
[W000 2024-05-05T12:53:39.037+07:00] Try to connect to the primary.
[W000 2024-05-05T12:53:55.478+07:00] Reconnect interval expired, create new connection to primary database.
[W000 2024-05-05T12:53:55.479+07:00] Try to connect to the primary.
[W000 2024-05-05T12:54:11.868+07:00] Reconnect interval expired, create new connection to primary database.
[W000 2024-05-05T12:54:11.873+07:00] Try to connect to the primary.
[W000 2024-05-05T12:54:27.376+07:00] Reconnect interval expired, create new connection to primary database.
[W000 2024-05-05T12:54:27.380+07:00] Try to connect to the primary.
[W000 2024-05-05T12:54:43.582+07:00] Reconnect interval expired, create new connection to primary database.
[W000 2024-05-05T12:54:43.599+07:00] Try to connect to the primary.
[W000 2024-05-05T12:54:59.963+07:00] Reconnect interval expired, create new connection to primary database.
[W000 2024-05-05T12:54:59.980+07:00] Try to connect to the primary.
[W000 2024-05-05T12:55:16.616+07:00] Reconnect interval expired, create new connection to primary database.
[W000 2024-05-05T12:55:16.622+07:00] Try to connect to the primary.
[W000 2024-05-05T12:55:32.983+07:00] Reconnect interval expired, create new connection to primary database.
[W000 2024-05-05T12:55:32.987+07:00] Try to connect to the primary.
[W000 2024-05-05T12:55:48.316+07:00] Reconnect interval expired, create new connection to primary database.
[W000 2024-05-05T12:55:48.333+07:00] Try to connect to the primary.
[W000 2024-05-05T12:56:04.830+07:00] Reconnect interval expired, create new connection to primary database.
[W000 2024-05-05T12:56:04.847+07:00] Try to connect to the primary.
[W000 2024-05-05T12:56:20.602+07:00] Reconnect interval expired, create new connection to primary database.
[W000 2024-05-05T12:56:20.619+07:00] Try to connect to the primary.
[W000 2024-05-05T12:56:36.066+07:00] Reconnect interval expired, create new connection to primary database.
[W000 2024-05-05T12:56:36.082+07:00] Try to connect to the primary.
[W000 2024-05-05T12:56:52.678+07:00] Reconnect interval expired, create new connection to primary database.
[W000 2024-05-05T12:56:52.694+07:00] Try to connect to the primary.
[W000 2024-05-05T12:57:08.103+07:00] Reconnect interval expired, create new connection to primary database.
[W000 2024-05-05T12:57:08.119+07:00] Try to connect to the primary.
[W000 2024-05-05T12:57:24.929+07:00] Reconnect interval expired, create new connection to primary database.
[W000 2024-05-05T12:57:24.944+07:00] Try to connect to the primary.
[W000 2024-05-05T12:57:40.440+07:00] Reconnect interval expired, create new connection to primary database.
[W000 2024-05-05T12:57:40.457+07:00] Try to connect to the primary.
[W000 2024-05-05T12:57:56.931+07:00] Reconnect interval expired, create new connection to primary database.
[W000 2024-05-05T12:57:56.948+07:00] Try to connect to the primary.
[W000 2024-05-05T12:58:12.409+07:00] Reconnect interval expired, create new connection to primary database.
[W000 2024-05-05T12:58:12.425+07:00] Try to connect to the primary.
[W000 2024-05-05T12:58:28.832+07:00] Reconnect interval expired, create new connection to primary database.
[W000 2024-05-05T12:58:28.849+07:00] Try to connect to the primary.
[W000 2024-05-05T12:58:44.053+07:00] Reconnect interval expired, create new connection to primary database.
[W000 2024-05-05T12:58:44.069+07:00] Try to connect to the primary.
[W000 2024-05-05T12:59:00.633+07:00] Reconnect interval expired, create new connection to primary database.
[W000 2024-05-05T12:59:00.649+07:00] Try to connect to the primary.
[W000 2024-05-05T12:59:16.216+07:00] Reconnect interval expired, create new connection to primary database.
[W000 2024-05-05T12:59:16.232+07:00] Try to connect to the primary.
[W000 2024-05-05T12:59:32.666+07:00] Reconnect interval expired, create new connection to primary database.
[W000 2024-05-05T12:59:32.682+07:00] Try to connect to the primary.
[W000 2024-05-05T12:59:48.115+07:00] Reconnect interval expired, create new connection to primary database.
[W000 2024-05-05T12:59:48.120+07:00] Try to connect to the primary.
[W000 2024-05-05T13:00:04.588+07:00] Reconnect interval expired, create new connection to primary database.
[W000 2024-05-05T13:00:04.604+07:00] Try to connect to the primary.
[W000 2024-05-05T13:00:20.120+07:00] Reconnect interval expired, create new connection to primary database.
[W000 2024-05-05T13:00:20.137+07:00] Try to connect to the primary.
[W000 2024-05-05T13:00:36.866+07:00] Reconnect interval expired, create new connection to primary database.
[W000 2024-05-05T13:00:36.882+07:00] Try to connect to the primary.
[W000 2024-05-05T13:00:52.171+07:00] Reconnect interval expired, create new connection to primary database.
[W000 2024-05-05T13:00:52.186+07:00] Try to connect to the primary.
[W000 2024-05-05T13:01:08.503+07:00] Reconnect interval expired, create new connection to primary database.
[W000 2024-05-05T13:01:08.504+07:00] Try to connect to the primary.
[W000 2024-05-05T13:01:24.792+07:00] Reconnect interval expired, create new connection to primary database.
[W000 2024-05-05T13:01:24.797+07:00] Try to connect to the primary.
[W000 2024-05-05T13:01:40.222+07:00] Reconnect interval expired, create new connection to primary database.
[W000 2024-05-05T13:01:40.226+07:00] Try to connect to the primary.
[W000 2024-05-05T13:01:56.800+07:00] Reconnect interval expired, create new connection to primary database.
[W000 2024-05-05T13:01:56.816+07:00] Try to connect to the primary.
[W000 2024-05-05T13:02:13.667+07:00] Reconnect interval expired, create new connection to primary database.
[W000 2024-05-05T13:02:13.683+07:00] Try to connect to the primary.
[W000 2024-05-05T13:02:29.197+07:00] Reconnect interval expired, create new connection to primary database.
[W000 2024-05-05T13:02:29.214+07:00] Try to connect to the primary.
[W000 2024-05-05T13:02:45.679+07:00] Reconnect interval expired, create new connection to primary database.
[W000 2024-05-05T13:02:45.684+07:00] Try to connect to the primary.
[W000 2024-05-05T13:03:01.326+07:00] Reconnect interval expired, create new connection to primary database.
[W000 2024-05-05T13:03:01.332+07:00] Try to connect to the primary.
[W000 2024-05-05T13:03:17.957+07:00] Reconnect interval expired, create new connection to primary database.
[W000 2024-05-05T13:03:17.973+07:00] Try to connect to the primary.
[W000 2024-05-05T13:03:33.476+07:00] Reconnect interval expired, create new connection to primary database.
[W000 2024-05-05T13:03:33.491+07:00] Try to connect to the primary.
[W000 2024-05-05T13:03:49.847+07:00] Reconnect interval expired, create new connection to primary database.
[W000 2024-05-05T13:03:49.864+07:00] Try to connect to the primary.
[W000 2024-05-05T13:04:05.532+07:00] Reconnect interval expired, create new connection to primary database.
[W000 2024-05-05T13:04:05.533+07:00] Try to connect to the primary.
[W000 2024-05-05T13:04:21.981+07:00] Reconnect interval expired, create new connection to primary database.
[W000 2024-05-05T13:04:21.986+07:00] Try to connect to the primary.
[W000 2024-05-05T13:04:38.597+07:00] Reconnect interval expired, create new connection to primary database.
[W000 2024-05-05T13:04:38.613+07:00] Try to connect to the primary.
[W000 2024-05-05T13:04:54.868+07:00] Reconnect interval expired, create new connection to primary database.
[W000 2024-05-05T13:04:54.884+07:00] Try to connect to the primary.
[W000 2024-05-05T13:05:10.479+07:00] Reconnect interval expired, create new connection to primary database.
[W000 2024-05-05T13:05:10.496+07:00] Try to connect to the primary.
[W000 2024-05-05T13:05:26.015+07:00] Reconnect interval expired, create new connection to primary database.
[W000 2024-05-05T13:05:26.020+07:00] Try to connect to the primary.
[W000 2024-05-05T13:05:42.816+07:00] Reconnect interval expired, create new connection to primary database.
[W000 2024-05-05T13:05:42.820+07:00] Try to connect to the primary.
[W000 2024-05-05T13:05:58.385+07:00] Reconnect interval expired, create new connection to primary database.
[W000 2024-05-05T13:05:58.402+07:00] Try to connect to the primary.
[W000 2024-05-05T13:06:14.912+07:00] Reconnect interval expired, create new connection to primary database.
[W000 2024-05-05T13:06:14.928+07:00] Try to connect to the primary.
[W000 2024-05-05T13:06:19.121+07:00] Fast-Start Failover is disabled.
[W000 2024-05-05T13:06:19.197+07:00] Fast-Start Failover is not enabled or can't be checked. Retry after 30 seconds.
[W000 2024-05-05T13:06:49.276+07:00] Fast-Start Failover is not enabled or can't be checked. Retry after 30 seconds.
[W000 2024-05-05T13:07:19.382+07:00] Try to connect to the primary.
[W000 2024-05-05T13:07:19.463+07:00] Reconnect interval expired, create new connection to primary database.
[W000 2024-05-05T13:07:19.465+07:00] Try to connect to the primary.
[W000 2024-05-05T13:07:26.888+07:00] Fast-Start Failover is disabled.
[W000 2024-05-05T13:07:26.968+07:00] Fast-Start Failover is not enabled or can't be checked. Retry after 30 seconds.
[W000 2024-05-05T13:07:57.065+07:00] Fast-Start Failover is not enabled or can't be checked. Retry after 30 seconds.
[W000 2024-05-05T13:08:27.164+07:00] Fast-Start Failover is not enabled or can't be checked. Retry after 30 seconds.
[W000 2024-05-05T13:08:57.268+07:00] Fast-Start Failover is not enabled or can't be checked. Retry after 30 seconds.
[W000 2024-05-05T13:09:27.415+07:00] Try to connect to the primary.
[W000 2024-05-05T13:09:27.505+07:00] Reconnect interval expired, create new connection to primary database.
[W000 2024-05-05T13:09:27.506+07:00] Try to connect to the primary.
[W000 2024-05-05T13:09:43.087+07:00] Reconnect interval expired, create new connection to primary database.
[W000 2024-05-05T13:09:43.103+07:00] Try to connect to the primary.
[W000 2024-05-05T13:09:59.620+07:00] Reconnect interval expired, create new connection to primary database.
[W000 2024-05-05T13:09:59.634+07:00] Try to connect to the primary.
[W000 2024-05-05T13:10:15.204+07:00] Reconnect interval expired, create new connection to primary database.
[W000 2024-05-05T13:10:15.220+07:00] Try to connect to the primary.
[W000 2024-05-05T13:10:31.583+07:00] Reconnect interval expired, create new connection to primary database.
[W000 2024-05-05T13:10:31.599+07:00] Try to connect to the primary.
[W000 2024-05-05T13:10:47.928+07:00] Reconnect interval expired, create new connection to primary database.
[W000 2024-05-05T13:10:47.944+07:00] Try to connect to the primary.
[W000 2024-05-05T13:11:04.599+07:00] Reconnect interval expired, create new connection to primary database.
[W000 2024-05-05T13:11:04.617+07:00] Try to connect to the primary.
[W000 2024-05-05T13:11:20.951+07:00] Reconnect interval expired, create new connection to primary database.
[W000 2024-05-05T13:11:20.967+07:00] Try to connect to the primary.
[W000 2024-05-05T13:11:36.318+07:00] Reconnect interval expired, create new connection to primary database.
[W000 2024-05-05T13:11:36.334+07:00] Try to connect to the primary.
[W000 2024-05-05T13:11:49.645+07:00] Fast-Start Failover is disabled.
[W000 2024-05-05T13:11:49.710+07:00] Fast-Start Failover is not enabled or can't be checked. Retry after 30 seconds.
[W000 2024-05-05T13:12:19.780+07:00] This observer is no longer registered with the configuration.
2024-05-05T13:12:20.815+07:00
Observer 'luhoangve24' stopped
